(18|140496391296896) NOTICE: using DCPSDebugLevel value from command option (overrides value if it's in config file).
(18|140496391296896) Service_Participant::set_repo_ior: Repo[ DEFAULT_REPO] == 196.128.0.2:15000
(18|140496391296896) [repository/DEFAULT_REPO]: RepositoryIor == 196.128.0.2:15000
(18|140496391296896) NOTICE: Service_Participant::load_domain_configuration failed to open [domain] section - using code default.
(18|140496391296896) NOTICE: Service_Participant::intializeScheduling() - no scheduling policy specified, not setting policy.
(18|140496391296896) Service_Participant::get_discovery: returning repository for domain 42, repo DEFAULT_REPO.
(18|140496391296896) Service_Participant::get_discovery: returning repository for domain 42, repo DEFAULT_REPO.
(18|140496391296896) Service_Participant::get_discovery: returning repository for domain 42, repo DEFAULT_REPO.
(18|140496391296896) MessageDataWriterImpl::enable_specific is unbounded data - allocate from heap
(18|140496391296896) MessageDataWriterImpl::enable_specific-mb Cached_Allocator_With_Overflow fce0a0 with 200 chunks
(18|140496391296896) MessageDataWriterImpl::enable_specific-db Cached_Allocator_With_Overflow fd1fe0 with 20 chunks
(18|140496391296896) WriteDataContainer sample_list_element_allocator fd2fb0 with 20 chunks
(18|140496391296896) WriteDataContainer transport_send_element_allocator fd3028 with 20 chunks
(18|140496391296896) DataWriterImpl::enable-mb Cached_Allocator_With_Overflow fd7a60 with 20 chunks
(18|140496391296896) DataWriterImpl::enable-db Cached_Allocator_With_Overflow fdb9a0 with 20 chunks
(18|140496391296896) DataWriterImpl::enable-header Cached_Allocator_With_Overflow fdc0f0 with 20 chunks
(18|140496391296896) Service_Participant::get_discovery: returning repository for domain 42, repo DEFAULT_REPO.
(18|140496391296896) ConditionImpl::signal_all()
(18|140496391296896) StatusConditionImpl::get_trigger_value() - mask==0x2000, changes==0x0.
(18|140496391296896) StatusConditionImpl::get_trigger_value() - mask==0x2000, changes==0x0.
WriterSync: waiting for pub matched
(18|140496391296896) StatusConditionImpl::get_trigger_value() - mask==0x2000, changes==0x0.
WriterSync: waiting for pub matched
(18|140496391296896) StatusConditionImpl::get_trigger_value() - mask==0x2000, changes==0x0.
WriterSync: waiting for pub matched
(18|140496391296896) StatusConditionImpl::get_trigger_value() - mask==0x2000, changes==0x0.
WriterSync: waiting for pub matched
(18|140496391296896) StatusConditionImpl::get_trigger_value() - mask==0x2000, changes==0x0.
WriterSync: waiting for pub matched
(18|140496391296896) StatusConditionImpl::get_trigger_value() - mask==0x2000, changes==0x0.
WriterSync: waiting for pub matched
(18|140496391296896) StatusConditionImpl::get_trigger_value() - mask==0x2000, changes==0x0.
WriterSync: waiting for pub matched
(18|140496391296896) StatusConditionImpl::get_trigger_value() - mask==0x2000, changes==0x0.
WriterSync: waiting for pub matched
(18|140496391296896) StatusConditionImpl::get_trigger_value() - mask==0x2000, changes==0x0.
WriterSync: waiting for pub matched
(18|140496391296896) StatusConditionImpl::get_trigger_value() - mask==0x2000, changes==0x0.
(18|140496314693376) DataWriterImpl::add_association - bit 0 local 01030000.fac52ad6.00000003.00000102(a23db7ed) remote 01030000.fac52ad6.00000004.00000107(60779f72)
(18|140496314693376) DataWriterImpl::add_association(): adding subscription to publication 01030000.fac52ad6.00000003.00000102(a23db7ed) with priority 0.
WriterSync: waiting for pub matched
(18|140496391296896) StatusConditionImpl::get_trigger_value() - mask==0x2000, changes==0x0.
(18|140496314693376) TcpTransport::make_active_connection() - established with <unknown>:1234 and priority 0.
   There are 0 publications currently associated with this link:
(18|140496314693376) DirectPriorityMapper:codepoint() - mapped TRANSPORT_PRIORITY value 0 to codepoint 0.
(18|140496314693376) DataLink::set_dscp_codepoint() - set IPV4 TOS codepoint to 0.
(18|140496314693376) TcpTransport::connect_tcp_datalink() [1] - creating send strategy with priority 0.
(18|140496314693376) DirectPriorityMapper:thread_priority() - mapped TRANSPORT_PRIORITY value 0 to thread priority 0.
(18|140496314693376) ReactorSynch::ReactorSynch() [0] - establishing synch without a worker.
(18|140496314693376) TcpReceiveStrategy::start_i() - link:
   There are 0 publications currently associated with this link:
 connected to <unknown>:1234 registering with reactor to receive.
(18|140496314693376) DataLink::make_reservation() - creating association local publication  01030000.fac52ad6.00000003.00000102(a23db7ed) <--> with remote subscription 01030000.fac52ad6.00000004.00000107(60779f72).
(18|140496314693376) DataWriterImpl::add_association: marked 01030000.fac52ad6.00000004.00000107(60779f72) as pending.
(18|140496314693376) DataWriterImpl::association_complete - bit 0 local 01030000.fac52ad6.00000003.00000102(a23db7ed) remote 01030000.fac52ad6.00000004.00000107(60779f72)
(18|140496314693376) DataWriterImpl::association_complete_i: id_to_handle_map_01030000.fac52ad6.00000004.00000107(60779f72) = 0x2.
(18|140496314693376) ConditionImpl::signal_all()
(18|140496314693376) StatusConditionImpl::get_trigger_value() - mask==0x2000, changes==0x2000.
(18|140496314693376) ConditionImpl::signal_all() - number of sets: 1, locally: 1.
WriterSync: waiting for pub matched
WriterSync: pub matched
(18|140496391296896) TransportSendStrategy::send() [1] - sending data at 0xfcd288.
(18|140496391296896) TransportSendStrategy::do_send_packet() [1] - sending data at 0xcc038010.
(18|140496391296896) TransportSendStrategy::send() [1] - sending data at 0xfd6ed8.
(18|140496391296896) TransportSendStrategy::do_send_packet() [1] - sending data at 0xcc038010.
(18|140496391296896) WriteDataContainer::data_delivered FD6750 
(18|140496391296896) WriteDataContainer::data_delivered: domain 42 topic Movie Discussion List publication 01030000.fac52ad6.00000003.00000102(a23db7ed) pushed to HISTORY.
(18|140496391296896) TransportSendStrategy::send() [1] - sending data at 0xfcd288.
(18|140496391296896) TransportSendStrategy::do_send_packet() [1] - sending data at 0xcc038010.
(18|140496391296896) TransportSendStrategy::send() [1] - sending data at 0xfd6ed8.
(18|140496391296896) TransportSendStrategy::do_send_packet() [1] - sending data at 0xcc038010.
(18|140496391296896) WriteDataContainer::data_delivered FD65F0 
(18|140496391296896) WriteDataContainer::data_delivered: domain 42 topic Movie Discussion List publication 01030000.fac52ad6.00000003.00000102(a23db7ed) pushed to HISTORY.
(18|140496391296896) TransportSendStrategy::send() [1] - sending data at 0xfcd288.
(18|140496391296896) TransportSendStrategy::do_send_packet() [1] - sending data at 0xcc038010.
(18|140496391296896) TransportSendStrategy::send() [1] - sending data at 0xfd6ed8.
(18|140496391296896) TransportSendStrategy::do_send_packet() [1] - sending data at 0xcc038010.
(18|140496391296896) WriteDataContainer::data_delivered FD6490 
(18|140496391296896) WriteDataContainer::data_delivered: domain 42 topic Movie Discussion List publication 01030000.fac52ad6.00000003.00000102(a23db7ed) pushed to HISTORY.
(18|140496391296896) TransportSendStrategy::send() [1] - sending data at 0xfcd288.
(18|140496391296896) TransportSendStrategy::do_send_packet() [1] - sending data at 0xcc038010.
(18|140496391296896) TransportSendStrategy::send() [1] - sending data at 0xfd6ed8.
(18|140496391296896) TransportSendStrategy::do_send_packet() [1] - sending data at 0xcc038010.
(18|140496391296896) WriteDataContainer::data_delivered FD6330 
(18|140496391296896) WriteDataContainer::data_delivered: domain 42 topic Movie Discussion List publication 01030000.fac52ad6.00000003.00000102(a23db7ed) pushed to HISTORY.
(18|140496391296896) TransportSendStrategy::send() [1] - sending data at 0xfcd288.
(18|140496391296896) TransportSendStrategy::do_send_packet() [1] - sending data at 0xcc038010.
(18|140496391296896) TransportSendStrategy::send() [1] - sending data at 0xfd6ed8.
(18|140496391296896) TransportSendStrategy::do_send_packet() [1] - sending data at 0xcc038010.
(18|140496391296896) WriteDataContainer::data_delivered FD61D0 
(18|140496391296896) WriteDataContainer::data_delivered: domain 42 topic Movie Discussion List publication 01030000.fac52ad6.00000003.00000102(a23db7ed) pushed to HISTORY.
(18|140496391296896) TransportSendStrategy::send() [1] - sending data at 0xfcd288.
(18|140496391296896) TransportSendStrategy::do_send_packet() [1] - sending data at 0xcc038010.
(18|140496391296896) TransportSendStrategy::send() [1] - sending data at 0xfd6ed8.
(18|140496391296896) TransportSendStrategy::do_send_packet() [1] - sending data at 0xcc038010.
(18|140496391296896) WriteDataContainer::data_delivered FD6070 
(18|140496391296896) WriteDataContainer::data_delivered: domain 42 topic Movie Discussion List publication 01030000.fac52ad6.00000003.00000102(a23db7ed) pushed to HISTORY.
(18|140496391296896) TransportSendStrategy::send() [1] - sending data at 0xfcd288.
(18|140496391296896) TransportSendStrategy::do_send_packet() [1] - sending data at 0xcc038010.
(18|140496391296896) TransportSendStrategy::send() [1] - sending data at 0xfd6ed8.
(18|140496391296896) TransportSendStrategy::do_send_packet() [1] - sending data at 0xcc038010.
(18|140496391296896) WriteDataContainer::data_delivered FD5F10 
(18|140496391296896) WriteDataContainer::data_delivered: domain 42 topic Movie Discussion List publication 01030000.fac52ad6.00000003.00000102(a23db7ed) pushed to HISTORY.
(18|140496391296896) TransportSendStrategy::send() [1] - sending data at 0xfcd288.
(18|140496391296896) TransportSendStrategy::do_send_packet() [1] - sending data at 0xcc038010.
(18|140496391296896) TransportSendStrategy::send() [1] - sending data at 0xfd6ed8.
(18|140496391296896) TransportSendStrategy::do_send_packet() [1] - sending data at 0xcc038010.
(18|140496391296896) WriteDataContainer::data_delivered FD5DB0 
(18|140496391296896) WriteDataContainer::data_delivered: domain 42 topic Movie Discussion List publication 01030000.fac52ad6.00000003.00000102(a23db7ed) pushed to HISTORY.
(18|140496391296896) TransportSendStrategy::send() [1] - sending data at 0xfcd288.
(18|140496391296896) TransportSendStrategy::do_send_packet() [1] - sending data at 0xcc038010.
(18|140496391296896) TransportSendStrategy::send() [1] - sending data at 0xfd6ed8.
(18|140496391296896) TransportSendStrategy::do_send_packet() [1] - sending data at 0xcc038010.
(18|140496391296896) WriteDataContainer::data_delivered FD5C50 
(18|140496391296896) WriteDataContainer::data_delivered: domain 42 topic Movie Discussion List publication 01030000.fac52ad6.00000003.00000102(a23db7ed) pushed to HISTORY.
(18|140496391296896) TransportSendStrategy::send() [1] - sending data at 0xfcd288.
(18|140496391296896) TransportSendStrategy::do_send_packet() [1] - sending data at 0xcc038010.
(18|140496391296896) TransportSendStrategy::send() [1] - sending data at 0xfd6ed8.
(18|140496391296896) TransportSendStrategy::do_send_packet() [1] - sending data at 0xcc038010.
(18|140496391296896) WriteDataContainer::data_delivered FD5AF0 
(18|140496391296896) WriteDataContainer::data_delivered: domain 42 topic Movie Discussion List publication 01030000.fac52ad6.00000003.00000102(a23db7ed) pushed to HISTORY.
WriterSync: waiting for acks
(18|140496391296896) DataWriterImpl::send_ack_requests() - 01030000.fac52ad6.00000003.00000102(a23db7ed) sending REQUEST_ACK message for sequence 20 to 1 subscriptions.
(18|140496391296896) TransportSendStrategy::send() [1] - sending data at 0xfcd288.
(18|140496391296896) TransportSendStrategy::do_send_packet() [1] - sending data at 0xcc038010.
(18|140496391296896) DataWriterImpl::wait_for_ack_responses() - waiting for seq 20 from sub 01030000.fac52ad6.00000004.00000107(60779f72), got 1
(18|140496206817024) DataWriterImpl::deliver_ack() - publication 01030000.fac52ad6.00000003.00000102(a23db7ed) received update for sample 20 from subscription 01030000.fac52ad6.00000004.00000107(60779f72).
(18|140496206817024) DataWriterImpl::deliver_ack() - broadcasting update.
(18|140496391296896) DataWriterImpl::wait_for_ack_responses() - 01030000.fac52ad6.00000003.00000102(a23db7ed) unblocking for sequence 20.
WriterSync: acks received
(18|140496391296896) Service_Participant::get_discovery: returning repository for domain 42, repo DEFAULT_REPO.
(18|140496391296896) WriteDataContainer::remove_oldest_sample: domain 42 topic Movie Discussion List publication 01030000.fac52ad6.00000003.00000102(a23db7ed) sample removed from HISTORY.
(18|140496391296896) TransportSendStrategy::send() [1] - sending data at 0xfcd288.
(18|140496391296896) TransportSendStrategy::do_send_packet() [1] - sending data at 0xcc038010.
(18|140496391296896) TransportSendStrategy::send() [1] - sending data at 0xfcd288.
(18|140496391296896) TransportSendStrategy::do_send_packet() [1] - sending data at 0xcc038010.
(18|140496391296896) WriteDataContainer::remove_oldest_sample: domain 42 topic Movie Discussion List publication 01030000.fac52ad6.00000003.00000102(a23db7ed) sample removed from HISTORY.
(18|140496391296896) TransportSendStrategy::send() [1] - sending data at 0xfcd288.
(18|140496391296896) TransportSendStrategy::do_send_packet() [1] - sending data at 0xcc038010.
(18|140496391296896) TransportSendStrategy::send() [1] - sending data at 0xfcd288.
(18|140496391296896) TransportSendStrategy::do_send_packet() [1] - sending data at 0xcc038010.
(18|140496391296896) WriteDataContainer::remove_oldest_sample: domain 42 topic Movie Discussion List publication 01030000.fac52ad6.00000003.00000102(a23db7ed) sample removed from HISTORY.
(18|140496391296896) TransportSendStrategy::send() [1] - sending data at 0xfcd288.
(18|140496391296896) TransportSendStrategy::do_send_packet() [1] - sending data at 0xcc038010.
(18|140496391296896) TransportSendStrategy::send() [1] - sending data at 0xfcd288.
(18|140496391296896) TransportSendStrategy::do_send_packet() [1] - sending data at 0xcc038010.
(18|140496391296896) WriteDataContainer::remove_oldest_sample: domain 42 topic Movie Discussion List publication 01030000.fac52ad6.00000003.00000102(a23db7ed) sample removed from HISTORY.
(18|140496391296896) TransportSendStrategy::send() [1] - sending data at 0xfcd288.
(18|140496391296896) TransportSendStrategy::do_send_packet() [1] - sending data at 0xcc038010.
(18|140496391296896) TransportSendStrategy::send() [1] - sending data at 0xfcd288.
(18|140496391296896) TransportSendStrategy::do_send_packet() [1] - sending data at 0xcc038010.
(18|140496391296896) WriteDataContainer::remove_oldest_sample: domain 42 topic Movie Discussion List publication 01030000.fac52ad6.00000003.00000102(a23db7ed) sample removed from HISTORY.
(18|140496391296896) TransportSendStrategy::send() [1] - sending data at 0xfcd288.
(18|140496391296896) TransportSendStrategy::do_send_packet() [1] - sending data at 0xcc038010.
(18|140496391296896) TransportSendStrategy::send() [1] - sending data at 0xfcd288.
(18|140496391296896) TransportSendStrategy::do_send_packet() [1] - sending data at 0xcc038010.
(18|140496391296896) WriteDataContainer::remove_oldest_sample: domain 42 topic Movie Discussion List publication 01030000.fac52ad6.00000003.00000102(a23db7ed) sample removed from HISTORY.
(18|140496391296896) TransportSendStrategy::send() [1] - sending data at 0xfcd288.
(18|140496391296896) TransportSendStrategy::do_send_packet() [1] - sending data at 0xcc038010.
(18|140496391296896) TransportSendStrategy::send() [1] - sending data at 0xfcd288.
(18|140496391296896) TransportSendStrategy::do_send_packet() [1] - sending data at 0xcc038010.
(18|140496391296896) WriteDataContainer::remove_oldest_sample: domain 42 topic Movie Discussion List publication 01030000.fac52ad6.00000003.00000102(a23db7ed) sample removed from HISTORY.
(18|140496391296896) TransportSendStrategy::send() [1] - sending data at 0xfcd288.
(18|140496391296896) TransportSendStrategy::do_send_packet() [1] - sending data at 0xcc038010.
(18|140496391296896) TransportSendStrategy::send() [1] - sending data at 0xfcd288.
(18|140496391296896) TransportSendStrategy::do_send_packet() [1] - sending data at 0xcc038010.
(18|140496391296896) WriteDataContainer::remove_oldest_sample: domain 42 topic Movie Discussion List publication 01030000.fac52ad6.00000003.00000102(a23db7ed) sample removed from HISTORY.
(18|140496391296896) TransportSendStrategy::send() [1] - sending data at 0xfcd288.
(18|140496391296896) TransportSendStrategy::do_send_packet() [1] - sending data at 0xcc038010.
(18|140496391296896) TransportSendStrategy::send() [1] - sending data at 0xfcd288.
(18|140496391296896) TransportSendStrategy::do_send_packet() [1] - sending data at 0xcc038010.
(18|140496391296896) WriteDataContainer::remove_oldest_sample: domain 42 topic Movie Discussion List publication 01030000.fac52ad6.00000003.00000102(a23db7ed) sample removed from HISTORY.
(18|140496391296896) TransportSendStrategy::send() [1] - sending data at 0xfcd288.
(18|140496391296896) TransportSendStrategy::do_send_packet() [1] - sending data at 0xcc038010.
(18|140496391296896) TransportSendStrategy::send() [1] - sending data at 0xfcd288.
(18|140496391296896) TransportSendStrategy::do_send_packet() [1] - sending data at 0xcc038010.
(18|140496391296896) WriteDataContainer::remove_oldest_sample: domain 42 topic Movie Discussion List publication 01030000.fac52ad6.00000003.00000102(a23db7ed) sample removed from HISTORY.
(18|140496391296896) TransportSendStrategy::send() [1] - sending data at 0xfcd288.
(18|140496391296896) TransportSendStrategy::do_send_packet() [1] - sending data at 0xcc038010.
(18|140496391296896) TransportSendStrategy::send() [1] - sending data at 0xfcd288.
(18|140496391296896) TransportSendStrategy::do_send_packet() [1] - sending data at 0xcc038010.
(18|140496391296896) DataWriterImpl::remove_associations: bit 0 local 01030000.fac52ad6.00000003.00000102(a23db7ed) remote 01030000.fac52ad6.00000004.00000107(60779f72) num remotes 1
(18|140496391296896) DataWriterImpl::lookup_instance_handles: searching for handles for reader Ids: 01030000.fac52ad6.00000004.00000107(60779f72).
(18|140496391296896) ConditionImpl::signal_all()
(18|140496391296896) StatusConditionImpl::get_trigger_value() - mask==0x2000, changes==0x2000.
(18|140496391296896) ConditionImpl::signal_all() - number of sets: 0, locally: 0.
(18|140496391296896) DataLink::release_reservations() - releasing association local: 01030000.fac52ad6.00000003.00000102(a23db7ed) <--> with remote 01030000.fac52ad6.00000004.00000107(60779f72).
(18|140496391296896) TcpTransport::release_datalink() - link with priority 0 released.
   There are 0 publications currently associated with this link:
(18|140496391296896) Service_Participant::get_discovery: returning repository for domain 42, repo DEFAULT_REPO.
(18|140496391296896) Service_Participant::get_discovery: returning repository for domain 42, repo DEFAULT_REPO.
(18|140496391296896) Service_Participant::get_discovery: returning repository for domain 42, repo DEFAULT_REPO.
(18|140496391296896) Service_Participant::get_discovery: returning repository for domain 42, repo DEFAULT_REPO.
(18|140496391296896) TransportSendStrategy::send() [1] - sending data at 0x100ddf0.
(18|140496391296896) TransportSendStrategy::do_send_packet() [1] - sending data at 0xcc038010.
(18|140496391296896) ReactorSynch::~ReactorSynch() [0] - dismantling synch without worker.
 16:46:25.279718 (18|140496391296896) DomainParticipantFactoryImpl::~DomainParticipantFactoryImpl()
 16:46:25.305613 (18|140496391296896) Service_Participant::~Service_Participant()
